<?xml version="1.0" encoding="UTF-8"?>
<testsuites>
  <testsuite name="/home/luiz/projects/study/my-commands/phpunit.xml" tests="31" assertions="56" errors="0" failures="0" skipped="0" time="1.072623">
    <testsuite name="Unit" tests="31" assertions="56" errors="0" failures="0" skipped="0" time="1.072623">
      <testsuite name="MyCommands\Tests\Command\CurrencyConvertCommandTest" file="/home/luiz/projects/study/my-commands/tests/Command/CurrencyConvertCommandTest.php" tests="3" assertions="5" errors="0" failures="0" skipped="0" time="0.429215">
        <testcase name="testSuccessfulConversion" file="/home/luiz/projects/study/my-commands/tests/Command/CurrencyConvertCommandTest.php" line="13" class="MyCommands\Tests\Command\CurrencyConvertCommandTest" classname="MyCommands.Tests.Command.CurrencyConvertCommandTest" assertions="1" time="0.157667"/>
        <testcase name="testMissingOptions" file="/home/luiz/projects/study/my-commands/tests/Command/CurrencyConvertCommandTest.php" line="32" class="MyCommands\Tests\Command\CurrencyConvertCommandTest" classname="MyCommands.Tests.Command.CurrencyConvertCommandTest" assertions="3" time="0.256235"/>
        <testcase name="testInvalidTargetCurrency" file="/home/luiz/projects/study/my-commands/tests/Command/CurrencyConvertCommandTest.php" line="48" class="MyCommands\Tests\Command\CurrencyConvertCommandTest" classname="MyCommands.Tests.Command.CurrencyConvertCommandTest" assertions="1" time="0.015313"/>
      </testsuite>
      <testsuite name="MyCommands\Tests\Command\ZipAllCommandTest" file="/home/luiz/projects/study/my-commands/tests/Command/ZipAllCommandTest.php" tests="7" assertions="16" errors="0" failures="0" skipped="0" time="0.082973">
        <testcase name="testDirectExecuteSuccess" file="/home/luiz/projects/study/my-commands/tests/Command/ZipAllCommandTest.php" line="13" class="MyCommands\Tests\Command\ZipAllCommandTest" classname="MyCommands.Tests.Command.ZipAllCommandTest" assertions="2" time="0.021302"/>
        <testcase name="testDirectGetZipHelper" file="/home/luiz/projects/study/my-commands/tests/Command/ZipAllCommandTest.php" line="41" class="MyCommands\Tests\Command\ZipAllCommandTest" classname="MyCommands.Tests.Command.ZipAllCommandTest" assertions="2" time="0.006290"/>
        <testcase name="testExecuteFailureWhenZipHelperThrowsException" file="/home/luiz/projects/study/my-commands/tests/Command/ZipAllCommandTest.php" line="72" class="MyCommands\Tests\Command\ZipAllCommandTest" classname="MyCommands.Tests.Command.ZipAllCommandTest" assertions="2" time="0.015742"/>
        <testcase name="testExecuteFailureWhenGetcwdFails" file="/home/luiz/projects/study/my-commands/tests/Command/ZipAllCommandTest.php" line="102" class="MyCommands\Tests\Command\ZipAllCommandTest" classname="MyCommands.Tests.Command.ZipAllCommandTest" assertions="2" time="0.008392"/>
        <testcase name="testConfigureMethodAndExecuteWithRealImplementation" file="/home/luiz/projects/study/my-commands/tests/Command/ZipAllCommandTest.php" line="128" class="MyCommands\Tests\Command\ZipAllCommandTest" classname="MyCommands.Tests.Command.ZipAllCommandTest" assertions="4" time="0.016423"/>
        <testcase name="testCommandConfiguration" file="/home/luiz/projects/study/my-commands/tests/Command/ZipAllCommandTest.php" line="159" class="MyCommands\Tests\Command\ZipAllCommandTest" classname="MyCommands.Tests.Command.ZipAllCommandTest" assertions="2" time="0.008084"/>
        <testcase name="testExecuteWithMockedGetcwd" file="/home/luiz/projects/study/my-commands/tests/Command/ZipAllCommandTest.php" line="173" class="MyCommands\Tests\Command\ZipAllCommandTest" classname="MyCommands.Tests.Command.ZipAllCommandTest" assertions="2" time="0.006741"/>
      </testsuite>
      <testsuite name="MyCommands\Tests\Helper\EnvironmentHelperTest" file="/home/luiz/projects/study/my-commands/tests/Helper/EnvironmentHelperTest.php" tests="15" assertions="25" errors="0" failures="0" skipped="0" time="0.286545">
        <testcase name="testGetEnvVarFromEnvironment" file="/home/luiz/projects/study/my-commands/tests/Helper/EnvironmentHelperTest.php" line="43" class="MyCommands\Tests\Helper\EnvironmentHelperTest" classname="MyCommands.Tests.Helper.EnvironmentHelperTest" assertions="1" time="0.008632"/>
        <testcase name="testGetEnvVarFromServer" file="/home/luiz/projects/study/my-commands/tests/Helper/EnvironmentHelperTest.php" line="51" class="MyCommands\Tests\Helper\EnvironmentHelperTest" classname="MyCommands.Tests.Helper.EnvironmentHelperTest" assertions="1" time="0.006543"/>
        <testcase name="testGetEnvVarReturnsNullWhenNotFound" file="/home/luiz/projects/study/my-commands/tests/Helper/EnvironmentHelperTest.php" line="59" class="MyCommands\Tests\Helper\EnvironmentHelperTest" classname="MyCommands.Tests.Helper.EnvironmentHelperTest" assertions="1" time="0.007977"/>
        <testcase name="testSaveEnvVar" file="/home/luiz/projects/study/my-commands/tests/Helper/EnvironmentHelperTest.php" line="65" class="MyCommands\Tests\Helper\EnvironmentHelperTest" classname="MyCommands.Tests.Helper.EnvironmentHelperTest" assertions="3" time="0.010704"/>
        <testcase name="testSaveEnvVarDoesNotDuplicateInShellFile" file="/home/luiz/projects/study/my-commands/tests/Helper/EnvironmentHelperTest.php" line="80" class="MyCommands\Tests\Helper\EnvironmentHelperTest" classname="MyCommands.Tests.Helper.EnvironmentHelperTest" assertions="1" time="0.009312"/>
        <testcase name="testGetEnvVarFromShell" file="/home/luiz/projects/study/my-commands/tests/Helper/EnvironmentHelperTest.php" line="96" class="MyCommands\Tests\Helper\EnvironmentHelperTest" classname="MyCommands.Tests.Helper.EnvironmentHelperTest" assertions="1" time="0.008989"/>
        <testcase name="testGetShellReturnsValidPath" file="/home/luiz/projects/study/my-commands/tests/Helper/EnvironmentHelperTest.php" line="110" class="MyCommands\Tests\Helper\EnvironmentHelperTest" classname="MyCommands.Tests.Helper.EnvironmentHelperTest" assertions="2" time="0.009201"/>
        <testcase name="testRemoveEnvVar" file="/home/luiz/projects/study/my-commands/tests/Helper/EnvironmentHelperTest.php" line="119" class="MyCommands\Tests\Helper\EnvironmentHelperTest" classname="MyCommands.Tests.Helper.EnvironmentHelperTest" assertions="4" time="0.013293"/>
        <testcase name="testIsEnvVarInShellFile" file="/home/luiz/projects/study/my-commands/tests/Helper/EnvironmentHelperTest.php" line="141" class="MyCommands\Tests\Helper\EnvironmentHelperTest" classname="MyCommands.Tests.Helper.EnvironmentHelperTest" assertions="3" time="0.008706"/>
        <testcase name="testGetShellWithNoExistingFiles" file="/home/luiz/projects/study/my-commands/tests/Helper/EnvironmentHelperTest.php" line="170" class="MyCommands\Tests\Helper\EnvironmentHelperTest" classname="MyCommands.Tests.Helper.EnvironmentHelperTest" assertions="1" time="0.057592"/>
        <testcase name="testSaveEnvVarWithNoShellFile" file="/home/luiz/projects/study/my-commands/tests/Helper/EnvironmentHelperTest.php" line="192" class="MyCommands\Tests\Helper\EnvironmentHelperTest" classname="MyCommands.Tests.Helper.EnvironmentHelperTest" assertions="3" time="0.011597"/>
        <testcase name="testGetEnvVarFromShellWithInvalidShell" file="/home/luiz/projects/study/my-commands/tests/Helper/EnvironmentHelperTest.php" line="221" class="MyCommands\Tests\Helper\EnvironmentHelperTest" classname="MyCommands.Tests.Helper.EnvironmentHelperTest" assertions="1" time="0.012644"/>
        <testcase name="testGetEnvVarReturnsShellValueWhenNotInEnvironment" file="/home/luiz/projects/study/my-commands/tests/Helper/EnvironmentHelperTest.php" line="238" class="MyCommands\Tests\Helper\EnvironmentHelperTest" classname="MyCommands.Tests.Helper.EnvironmentHelperTest" assertions="1" time="0.008591"/>
        <testcase name="testIsEnvVarInShellFileWithNonReadableFile" file="/home/luiz/projects/study/my-commands/tests/Helper/EnvironmentHelperTest.php" line="264" class="MyCommands\Tests\Helper\EnvironmentHelperTest" classname="MyCommands.Tests.Helper.EnvironmentHelperTest" assertions="1" time="0.051175"/>
        <testcase name="testGetEnvVarFromShellWhenShellContentCannotBeRead" file="/home/luiz/projects/study/my-commands/tests/Helper/EnvironmentHelperTest.php" line="286" class="MyCommands\Tests\Helper\EnvironmentHelperTest" classname="MyCommands.Tests.Helper.EnvironmentHelperTest" assertions="1" time="0.061591"/>
      </testsuite>
      <testsuite name="MyCommands\Tests\Helper\GitHelperTest" file="/home/luiz/projects/study/my-commands/tests/Helper/GitHelperTest.php" tests="4" assertions="4" errors="0" failures="0" skipped="0" time="0.244878">
        <testcase name="testIsGitAvailable" file="/home/luiz/projects/study/my-commands/tests/Helper/GitHelperTest.php" line="12" class="MyCommands\Tests\Helper\GitHelperTest" classname="MyCommands.Tests.Helper.GitHelperTest" assertions="1" time="0.024632"/>
        <testcase name="testGetDiffReturnsString" file="/home/luiz/projects/study/my-commands/tests/Helper/GitHelperTest.php" line="18" class="MyCommands\Tests\Helper\GitHelperTest" classname="MyCommands.Tests.Helper.GitHelperTest" assertions="1" time="0.026543"/>
        <testcase name="testCommitAndPushThrowsExceptionOnFailure" file="/home/luiz/projects/study/my-commands/tests/Helper/GitHelperTest.php" line="24" class="MyCommands\Tests\Helper\GitHelperTest" classname="MyCommands.Tests.Helper.GitHelperTest" assertions="1" time="0.064438"/>
        <testcase name="testBuildCommitPromptReturnsString" file="/home/luiz/projects/study/my-commands/tests/Helper/GitHelperTest.php" line="44" class="MyCommands\Tests\Helper\GitHelperTest" classname="MyCommands.Tests.Helper.GitHelperTest" assertions="1" time="0.129265"/>
      </testsuite>
      <testsuite name="MyCommands\Tests\Helper\ZipHelperTest" file="/home/luiz/projects/study/my-commands/tests/Helper/ZipHelperTest.php" tests="2" assertions="6" errors="0" failures="0" skipped="0" time="0.029012">
        <testcase name="testZipDirectoryCreatesZipFile" file="/home/luiz/projects/study/my-commands/tests/Helper/ZipHelperTest.php" line="19" class="MyCommands\Tests\Helper\ZipHelperTest" classname="MyCommands.Tests.Helper.ZipHelperTest" assertions="5" time="0.022512"/>
        <testcase name="testZipDirectoryThrowsExceptionOnInvalidPath" file="/home/luiz/projects/study/my-commands/tests/Helper/ZipHelperTest.php" line="54" class="MyCommands\Tests\Helper\ZipHelperTest" classname="MyCommands.Tests.Helper.ZipHelperTest" assertions="1" time="0.006499"/>
      </testsuite>
    </testsuite>
  </testsuite>
</testsuites>
